  [1m[35m (12.5ms)[0m  [1m[34mSELECT sqlite_version(*)[0m
  [1m[35m (372.7ms)[0m  [1m[35mCREATE TABLE "schema_migrations" ("version" varchar NOT NULL PRIMARY KEY)[0m
  [1m[35m (110.6ms)[0m  [1m[35mCREATE TABLE "ar_internal_metadata" ("key" varchar NOT NULL PRIMARY KEY, "value" varchar, "created_at" datetime(6) NOT NULL, "updated_at" datetime(6) NOT NULL)[0m
  [1m[36mActiveRecord::SchemaMigration Pluck (0.3ms)[0m  [1m[34mSELECT "schema_migrations"."version" FROM "schema_migrations" ORDER BY "schema_migrations"."version" ASC[0m
Migrating to CreateMedicos (20221128014117)
  [1m[36mTRANSACTION (0.1ms)[0m  [1m[36mbegin transaction[0m
  [1m[35m (1.0ms)[0m  [1m[35mCREATE TABLE "medicos" ("id" integer PRIMARY KEY AUTOINCREMENT NOT NULL, "nome" varchar, "cpf" varchar, "email" varchar, "especialidade" varchar, "crm" varchar, "created_at" datetime(6) NOT NULL, "updated_at" datetime(6) NOT NULL)[0m
  [1m[36mActiveRecord::SchemaMigration Create (0.2ms)[0m  [1m[32mINSERT INTO "schema_migrations" ("version") VALUES (?)[0m  [["version", "20221128014117"]]
  [1m[36mTRANSACTION (93.2ms)[0m  [1m[36mcommit transaction[0m
Migrating to CreatePacientes (20221130090344)
  [1m[36mTRANSACTION (0.1ms)[0m  [1m[36mbegin transaction[0m
  [1m[35m (2.1ms)[0m  [1m[35mCREATE TABLE "pacientes" ("id" integer PRIMARY KEY AUTOINCREMENT NOT NULL, "nome" varchar, "cpf" varchar, "email" varchar, "data_de_nascimento" date, "created_at" datetime(6) NOT NULL, "updated_at" datetime(6) NOT NULL)[0m
  [1m[36mActiveRecord::SchemaMigration Create (0.3ms)[0m  [1m[32mINSERT INTO "schema_migrations" ("version") VALUES (?)[0m  [["version", "20221130090344"]]
  [1m[36mTRANSACTION (159.5ms)[0m  [1m[36mcommit transaction[0m
Migrating to CreateConsulta (20221130124232)
  [1m[36mTRANSACTION (0.1ms)[0m  [1m[36mbegin transaction[0m
  [1m[35m (2.5ms)[0m  [1m[35mCREATE TABLE "consulta" ("id" integer PRIMARY KEY AUTOINCREMENT NOT NULL, "medico" varchar, "data_hora" datetime(6), "created_at" datetime(6) NOT NULL, "updated_at" datetime(6) NOT NULL)[0m
  [1m[36mActiveRecord::SchemaMigration Create (0.2ms)[0m  [1m[32mINSERT INTO "schema_migrations" ("version") VALUES (?)[0m  [["version", "20221130124232"]]
  [1m[36mTRANSACTION (204.5ms)[0m  [1m[36mcommit transaction[0m
Migrating to AddPacienteToConsulta (20221130124448)
  [1m[36mTRANSACTION (0.1ms)[0m  [1m[36mbegin transaction[0m
  [1m[35m (0.0ms)[0m  [1m[35mPRAGMA foreign_keys[0m
  [1m[35m (0.1ms)[0m  [1m[35mPRAGMA defer_foreign_keys[0m
  [1m[35m (0.1ms)[0m  [1m[35mPRAGMA defer_foreign_keys = ON[0m
  [1m[35m (0.1ms)[0m  [1m[35mPRAGMA foreign_keys = OFF[0m
  [1m[35m (0.2ms)[0m  [1m[35mCREATE TEMPORARY TABLE "aconsulta" ("id" integer NOT NULL PRIMARY KEY, "medico" varchar DEFAULT NULL, "data_hora" datetime(6) DEFAULT NULL, "created_at" datetime(6) NOT NULL, "updated_at" datetime(6) NOT NULL)[0m
  [1m[35m (0.1ms)[0m  [1m[32mINSERT INTO "aconsulta" ("id","medico","data_hora","created_at","updated_at")
                     SELECT "id","medico","data_hora","created_at","updated_at" FROM "consulta"[0m
  [1m[35m (1.1ms)[0m  [1m[35mDROP TABLE "consulta"[0m
  [1m[35m (0.2ms)[0m  [1m[35mCREATE TABLE "consulta" ("id" integer NOT NULL PRIMARY KEY, "medico" varchar DEFAULT NULL, "data_hora" datetime(6) DEFAULT NULL, "created_at" datetime(6) NOT NULL, "updated_at" datetime(6) NOT NULL, "paciente_id" integer NOT NULL)[0m
  [1m[35m (0.0ms)[0m  [1m[32mINSERT INTO "consulta" ("id","medico","data_hora","created_at","updated_at")
                     SELECT "id","medico","data_hora","created_at","updated_at" FROM "aconsulta"[0m
  [1m[35m (0.2ms)[0m  [1m[35mDROP TABLE "aconsulta"[0m
  [1m[35m (0.1ms)[0m  [1m[35mPRAGMA defer_foreign_keys = 0[0m
  [1m[35m (0.1ms)[0m  [1m[35mPRAGMA foreign_keys = 1[0m
  [1m[35m (0.2ms)[0m  [1m[35mCREATE INDEX "index_consulta_on_paciente_id" ON "consulta" ("paciente_id")[0m
  [1m[35m (0.0ms)[0m  [1m[35mPRAGMA foreign_keys[0m
  [1m[35m (0.1ms)[0m  [1m[35mPRAGMA defer_foreign_keys[0m
  [1m[35m (0.1ms)[0m  [1m[35mPRAGMA defer_foreign_keys = ON[0m
  [1m[35m (0.0ms)[0m  [1m[35mPRAGMA foreign_keys = OFF[0m
  [1m[35m (0.2ms)[0m  [1m[35mCREATE TEMPORARY TABLE "aconsulta" ("id" integer NOT NULL PRIMARY KEY, "medico" varchar DEFAULT NULL, "data_hora" datetime(6) DEFAULT NULL, "created_at" datetime(6) NOT NULL, "updated_at" datetime(6) NOT NULL, "paciente_id" integer NOT NULL)[0m
  [1m[35m (0.1ms)[0m  [1m[35mCREATE INDEX "tindex_aconsulta_on_paciente_id" ON "aconsulta" ("paciente_id")[0m
  [1m[35m (0.1ms)[0m  [1m[32mINSERT INTO "aconsulta" ("id","medico","data_hora","created_at","updated_at","paciente_id")
                     SELECT "id","medico","data_hora","created_at","updated_at","paciente_id" FROM "consulta"[0m
  [1m[35m (0.2ms)[0m  [1m[35mDROP TABLE "consulta"[0m
  [1m[35m (0.2ms)[0m  [1m[35mCREATE TABLE "consulta" ("id" integer NOT NULL PRIMARY KEY, "medico" varchar DEFAULT NULL, "data_hora" datetime(6) DEFAULT NULL, "created_at" datetime(6) NOT NULL, "updated_at" datetime(6) NOT NULL, "paciente_id" integer NOT NULL, CONSTRAINT "fk_rails_99e75a4b64"
FOREIGN KEY ("paciente_id")
  REFERENCES "pacientes" ("id")
)[0m
  [1m[35m (0.1ms)[0m  [1m[35mCREATE INDEX "index_consulta_on_paciente_id" ON "consulta" ("paciente_id")[0m
  [1m[35m (0.0ms)[0m  [1m[32mINSERT INTO "consulta" ("id","medico","data_hora","created_at","updated_at","paciente_id")
                     SELECT "id","medico","data_hora","created_at","updated_at","paciente_id" FROM "aconsulta"[0m
  [1m[35m (0.1ms)[0m  [1m[35mDROP TABLE "aconsulta"[0m
  [1m[35m (0.1ms)[0m  [1m[35mPRAGMA defer_foreign_keys = 0[0m
  [1m[35m (0.1ms)[0m  [1m[35mPRAGMA foreign_keys = 1[0m
  [1m[36mActiveRecord::SchemaMigration Create (0.4ms)[0m  [1m[32mINSERT INTO "schema_migrations" ("version") VALUES (?)[0m  [["version", "20221130124448"]]
  [1m[36mTRANSACTION (378.2ms)[0m  [1m[36mcommit transaction[0m
Migrating to CreateEnderecos (20221229221725)
  [1m[36mTRANSACTION (0.1ms)[0m  [1m[36mbegin transaction[0m
  [1m[35m (2.4ms)[0m  [1m[35mCREATE TABLE "enderecos" ("id" integer PRIMARY KEY AUTOINCREMENT NOT NULL, "cep" varchar, "cidade" varchar, "bairro" varchar, "logradouro" varchar, "complemento" text, "created_at" datetime(6) NOT NULL, "updated_at" datetime(6) NOT NULL)[0m
  [1m[36mActiveRecord::SchemaMigration Create (0.2ms)[0m  [1m[32mINSERT INTO "schema_migrations" ("version") VALUES (?)[0m  [["version", "20221229221725"]]
  [1m[36mTRANSACTION (53.8ms)[0m  [1m[36mcommit transaction[0m
Migrating to AddPacienteToEndereco (20221229221741)
  [1m[36mTRANSACTION (0.1ms)[0m  [1m[36mbegin transaction[0m
  [1m[35m (0.1ms)[0m  [1m[35mPRAGMA foreign_keys[0m
  [1m[35m (0.1ms)[0m  [1m[35mPRAGMA defer_foreign_keys[0m
  [1m[35m (0.1ms)[0m  [1m[35mPRAGMA defer_foreign_keys = ON[0m
  [1m[35m (0.0ms)[0m  [1m[35mPRAGMA foreign_keys = OFF[0m
  [1m[35m (0.1ms)[0m  [1m[35mCREATE TEMPORARY TABLE "aenderecos" ("id" integer NOT NULL PRIMARY KEY, "cep" varchar DEFAULT NULL, "cidade" varchar DEFAULT NULL, "bairro" varchar DEFAULT NULL, "logradouro" varchar DEFAULT NULL, "complemento" text DEFAULT NULL, "created_at" datetime(6) NOT NULL, "updated_at" datetime(6) NOT NULL)[0m
  [1m[35m (0.0ms)[0m  [1m[32mINSERT INTO "aenderecos" ("id","cep","cidade","bairro","logradouro","complemento","created_at","updated_at")
                     SELECT "id","cep","cidade","bairro","logradouro","complemento","created_at","updated_at" FROM "enderecos"[0m
  [1m[35m (1.1ms)[0m  [1m[35mDROP TABLE "enderecos"[0m
  [1m[35m (0.2ms)[0m  [1m[35mCREATE TABLE "enderecos" ("id" integer NOT NULL PRIMARY KEY, "cep" varchar DEFAULT NULL, "cidade" varchar DEFAULT NULL, "bairro" varchar DEFAULT NULL, "logradouro" varchar DEFAULT NULL, "complemento" text DEFAULT NULL, "created_at" datetime(6) NOT NULL, "updated_at" datetime(6) NOT NULL, "paciente_id" integer NOT NULL)[0m
  [1m[35m (0.1ms)[0m  [1m[32mINSERT INTO "enderecos" ("id","cep","cidade","bairro","logradouro","complemento","created_at","updated_at")
                     SELECT "id","cep","cidade","bairro","logradouro","complemento","created_at","updated_at" FROM "aenderecos"[0m
  [1m[35m (0.2ms)[0m  [1m[35mDROP TABLE "aenderecos"[0m
  [1m[35m (0.0ms)[0m  [1m[35mPRAGMA defer_foreign_keys = 0[0m
  [1m[35m (0.0ms)[0m  [1m[35mPRAGMA foreign_keys = 1[0m
  [1m[35m (0.1ms)[0m  [1m[35mCREATE INDEX "index_enderecos_on_paciente_id" ON "enderecos" ("paciente_id")[0m
  [1m[35m (0.0ms)[0m  [1m[35mPRAGMA foreign_keys[0m
  [1m[35m (0.0ms)[0m  [1m[35mPRAGMA defer_foreign_keys[0m
  [1m[35m (0.0ms)[0m  [1m[35mPRAGMA defer_foreign_keys = ON[0m
  [1m[35m (0.0ms)[0m  [1m[35mPRAGMA foreign_keys = OFF[0m
  [1m[35m (0.2ms)[0m  [1m[35mCREATE TEMPORARY TABLE "aenderecos" ("id" integer NOT NULL PRIMARY KEY, "cep" varchar DEFAULT NULL, "cidade" varchar DEFAULT NULL, "bairro" varchar DEFAULT NULL, "logradouro" varchar DEFAULT NULL, "complemento" text DEFAULT NULL, "created_at" datetime(6) NOT NULL, "updated_at" datetime(6) NOT NULL, "paciente_id" integer NOT NULL)[0m
  [1m[35m (0.1ms)[0m  [1m[35mCREATE INDEX "tindex_aenderecos_on_paciente_id" ON "aenderecos" ("paciente_id")[0m
  [1m[35m (0.0ms)[0m  [1m[32mINSERT INTO "aenderecos" ("id","cep","cidade","bairro","logradouro","complemento","created_at","updated_at","paciente_id")
                     SELECT "id","cep","cidade","bairro","logradouro","complemento","created_at","updated_at","paciente_id" FROM "enderecos"[0m
  [1m[35m (0.2ms)[0m  [1m[35mDROP TABLE "enderecos"[0m
  [1m[35m (0.1ms)[0m  [1m[35mCREATE TABLE "enderecos" ("id" integer NOT NULL PRIMARY KEY, "cep" varchar DEFAULT NULL, "cidade" varchar DEFAULT NULL, "bairro" varchar DEFAULT NULL, "logradouro" varchar DEFAULT NULL, "complemento" text DEFAULT NULL, "created_at" datetime(6) NOT NULL, "updated_at" datetime(6) NOT NULL, "paciente_id" integer NOT NULL, CONSTRAINT "fk_rails_c05557f98d"
FOREIGN KEY ("paciente_id")
  REFERENCES "pacientes" ("id")
)[0m
  [1m[35m (0.1ms)[0m  [1m[35mCREATE INDEX "index_enderecos_on_paciente_id" ON "enderecos" ("paciente_id")[0m
  [1m[35m (0.1ms)[0m  [1m[32mINSERT INTO "enderecos" ("id","cep","cidade","bairro","logradouro","complemento","created_at","updated_at","paciente_id")
                     SELECT "id","cep","cidade","bairro","logradouro","complemento","created_at","updated_at","paciente_id" FROM "aenderecos"[0m
  [1m[35m (0.1ms)[0m  [1m[35mDROP TABLE "aenderecos"[0m
  [1m[35m (0.0ms)[0m  [1m[35mPRAGMA defer_foreign_keys = 0[0m
  [1m[35m (0.0ms)[0m  [1m[35mPRAGMA foreign_keys = 1[0m
  [1m[36mActiveRecord::SchemaMigration Create (0.2ms)[0m  [1m[32mINSERT INTO "schema_migrations" ("version") VALUES (?)[0m  [["version", "20221229221741"]]
  [1m[36mTRANSACTION (54.3ms)[0m  [1m[36mcommit transaction[0m
Migrating to AddMedicoToConsulta (20230112005546)
  [1m[36mTRANSACTION (0.1ms)[0m  [1m[36mbegin transaction[0m
  [1m[35m (0.0ms)[0m  [1m[35mPRAGMA foreign_keys[0m
  [1m[35m (0.1ms)[0m  [1m[35mPRAGMA defer_foreign_keys[0m
  [1m[35m (0.0ms)[0m  [1m[35mPRAGMA defer_foreign_keys = ON[0m
  [1m[35m (0.0ms)[0m  [1m[35mPRAGMA foreign_keys = OFF[0m
  [1m[35m (0.1ms)[0m  [1m[35mCREATE TEMPORARY TABLE "aconsulta" ("id" integer NOT NULL PRIMARY KEY, "medico" varchar DEFAULT NULL, "data_hora" datetime(6) DEFAULT NULL, "created_at" datetime(6) NOT NULL, "updated_at" datetime(6) NOT NULL, "paciente_id" integer NOT NULL)[0m
  [1m[35m (0.1ms)[0m  [1m[35mCREATE INDEX "tindex_aconsulta_on_paciente_id" ON "aconsulta" ("paciente_id")[0m
  [1m[35m (0.0ms)[0m  [1m[32mINSERT INTO "aconsulta" ("id","medico","data_hora","created_at","updated_at","paciente_id")
                     SELECT "id","medico","data_hora","created_at","updated_at","paciente_id" FROM "consulta"[0m
  [1m[35m (1.3ms)[0m  [1m[35mDROP TABLE "consulta"[0m
  [1m[35m (0.2ms)[0m  [1m[35mCREATE TABLE "consulta" ("id" integer NOT NULL PRIMARY KEY, "medico" varchar DEFAULT NULL, "data_hora" datetime(6) DEFAULT NULL, "created_at" datetime(6) NOT NULL, "updated_at" datetime(6) NOT NULL, "paciente_id" integer NOT NULL, "medico_id" integer NOT NULL, CONSTRAINT "fk_rails_99e75a4b64"
FOREIGN KEY ("paciente_id")
  REFERENCES "pacientes" ("id")
)[0m
  [1m[35m (0.1ms)[0m  [1m[35mCREATE INDEX "index_consulta_on_paciente_id" ON "consulta" ("paciente_id")[0m
  [1m[35m (0.1ms)[0m  [1m[32mINSERT INTO "consulta" ("id","medico","data_hora","created_at","updated_at","paciente_id")
                     SELECT "id","medico","data_hora","created_at","updated_at","paciente_id" FROM "aconsulta"[0m
  [1m[35m (0.2ms)[0m  [1m[35mDROP TABLE "aconsulta"[0m
  [1m[35m (0.0ms)[0m  [1m[35mPRAGMA defer_foreign_keys = 0[0m
  [1m[35m (0.0ms)[0m  [1m[35mPRAGMA foreign_keys = 1[0m
  [1m[35m (0.1ms)[0m  [1m[35mCREATE INDEX "index_consulta_on_medico_id" ON "consulta" ("medico_id")[0m
  [1m[35m (0.0ms)[0m  [1m[35mPRAGMA foreign_keys[0m
  [1m[35m (0.0ms)[0m  [1m[35mPRAGMA defer_foreign_keys[0m
  [1m[35m (0.0ms)[0m  [1m[35mPRAGMA defer_foreign_keys = ON[0m
  [1m[35m (0.0ms)[0m  [1m[35mPRAGMA foreign_keys = OFF[0m
  [1m[35m (0.1ms)[0m  [1m[35mCREATE TEMPORARY TABLE "aconsulta" ("id" integer NOT NULL PRIMARY KEY, "medico" varchar DEFAULT NULL, "data_hora" datetime(6) DEFAULT NULL, "created_at" datetime(6) NOT NULL, "updated_at" datetime(6) NOT NULL, "paciente_id" integer NOT NULL, "medico_id" integer NOT NULL)[0m
  [1m[35m (0.2ms)[0m  [1m[35mCREATE INDEX "tindex_aconsulta_on_medico_id" ON "aconsulta" ("medico_id")[0m
  [1m[35m (0.2ms)[0m  [1m[35mCREATE INDEX "tindex_aconsulta_on_paciente_id" ON "aconsulta" ("paciente_id")[0m
  [1m[35m (0.0ms)[0m  [1m[32mINSERT INTO "aconsulta" ("id","medico","data_hora","created_at","updated_at","paciente_id","medico_id")
                     SELECT "id","medico","data_hora","created_at","updated_at","paciente_id","medico_id" FROM "consulta"[0m
  [1m[35m (0.4ms)[0m  [1m[35mDROP TABLE "consulta"[0m
  [1m[35m (0.3ms)[0m  [1m[35mCREATE TABLE "consulta" ("id" integer NOT NULL PRIMARY KEY, "medico" varchar DEFAULT NULL, "data_hora" datetime(6) DEFAULT NULL, "created_at" datetime(6) NOT NULL, "updated_at" datetime(6) NOT NULL, "paciente_id" integer NOT NULL, "medico_id" integer NOT NULL, CONSTRAINT "fk_rails_99e75a4b64"
FOREIGN KEY ("paciente_id")
  REFERENCES "pacientes" ("id")
, CONSTRAINT "fk_rails_2eeeecd976"
FOREIGN KEY ("medico_id")
  REFERENCES "medicos" ("id")
)[0m
  [1m[35m (0.1ms)[0m  [1m[35mCREATE INDEX "index_consulta_on_paciente_id" ON "consulta" ("paciente_id")[0m
  [1m[35m (0.3ms)[0m  [1m[35mCREATE INDEX "index_consulta_on_medico_id" ON "consulta" ("medico_id")[0m
  [1m[35m (0.0ms)[0m  [1m[32mINSERT INTO "consulta" ("id","medico","data_hora","created_at","updated_at","paciente_id","medico_id")
                     SELECT "id","medico","data_hora","created_at","updated_at","paciente_id","medico_id" FROM "aconsulta"[0m
  [1m[35m (0.2ms)[0m  [1m[35mDROP TABLE "aconsulta"[0m
  [1m[35m (0.0ms)[0m  [1m[35mPRAGMA defer_foreign_keys = 0[0m
  [1m[35m (0.0ms)[0m  [1m[35mPRAGMA foreign_keys = 1[0m
  [1m[36mActiveRecord::SchemaMigration Create (0.2ms)[0m  [1m[32mINSERT INTO "schema_migrations" ("version") VALUES (?)[0m  [["version", "20230112005546"]]
  [1m[36mTRANSACTION (63.4ms)[0m  [1m[36mcommit transaction[0m
  [1m[36mActiveRecord::InternalMetadata Load (0.3ms)[0m  [1m[34mSELECT "ar_internal_metadata".* FROM "ar_internal_metadata" WHERE "ar_internal_metadata"."key" = ? LIMIT ?[0m  [["key", "environment"], ["LIMIT", 1]]
  [1m[36mTRANSACTION (0.1ms)[0m  [1m[36mbegin transaction[0m
  [1m[36mActiveRecord::InternalMetadata Create (0.9ms)[0m  [1m[32mINSERT INTO "ar_internal_metadata" ("key", "value", "created_at", "updated_at") VALUES (?, ?, ?, ?)[0m  [["key", "environment"], ["value", "development"], ["created_at", "2023-01-25 04:32:57.992947"], ["updated_at", "2023-01-25 04:32:57.992947"]]
  [1m[36mTRANSACTION (82.1ms)[0m  [1m[36mcommit transaction[0m
  [1m[35m (0.0ms)[0m  [1m[34mSELECT sqlite_version(*)[0m
  [1m[36mActiveRecord::SchemaMigration Pluck (0.2ms)[0m  [1m[34mSELECT "schema_migrations"."version" FROM "schema_migrations" ORDER BY "schema_migrations"."version" ASC[0m
  [1m[35m (2.1ms)[0m  [1m[34mSELECT sqlite_version(*)[0m
  [1m[36mActiveRecord::SchemaMigration Pluck (0.2ms)[0m  [1m[34mSELECT "schema_migrations"."version" FROM "schema_migrations" ORDER BY "schema_migrations"."version" ASC[0m
  [1m[36mActiveRecord::InternalMetadata Load (0.2ms)[0m  [1m[34mSELECT "ar_internal_metadata".* FROM "ar_internal_metadata" WHERE "ar_internal_metadata"."key" = ? LIMIT ?[0m  [["key", "environment"], ["LIMIT", 1]]
  [1m[35m (0.1ms)[0m  [1m[34mSELECT sqlite_version(*)[0m
  [1m[36mActiveRecord::SchemaMigration Pluck (0.3ms)[0m  [1m[34mSELECT "schema_migrations"."version" FROM "schema_migrations" ORDER BY "schema_migrations"."version" ASC[0m
Started GET "/" for 127.0.0.1 at 2023-01-26 22:43:25 -0300
  [1m[35m (2.8ms)[0m  [1m[34mSELECT sqlite_version(*)[0m
  [1m[36mActiveRecord::SchemaMigration Pluck (0.3ms)[0m  [1m[34mSELECT "schema_migrations"."version" FROM "schema_migrations" ORDER BY "schema_migrations"."version" ASC[0m
Processing by Rails::WelcomeController#index as HTML
  Rendering C:/Users/rodri/.local/share/gem/ruby/3.1.0/gems/railties-7.0.2.2/lib/rails/templates/rails/welcome/index.html.erb
  Rendered C:/Users/rodri/.local/share/gem/ruby/3.1.0/gems/railties-7.0.2.2/lib/rails/templates/rails/welcome/index.html.erb (Duration: 117.8ms | Allocations: 660)
Completed 200 OK in 425ms (Views: 251.9ms | ActiveRecord: 0.0ms | Allocations: 5295)


Started GET "/menu" for 127.0.0.1 at 2023-01-26 22:43:32 -0300
Processing by MenuController#index as HTML
  Rendering layout layouts/application.html.erb
  Rendering menu/index.html.erb within layouts/application
  Rendered menu/index.html.erb within layouts/application (Duration: 142.0ms | Allocations: 4545)
  Rendered layout layouts/application.html.erb (Duration: 2734.2ms | Allocations: 49045)
Completed 500 Internal Server Error in 2776ms (ActiveRecord: 0.0ms | Allocations: 50085)


  
ActionView::Template::Error (Permission denied @ rb_file_s_rename - (C:/Users/rodri/OneDrive/Documentos/consulta-sim/consulta-sim/tmp/cache/assets/sprockets/v4.0.0/al/alYII0JXiEC091MRSQX0ms5Djrz2zffTbeoLJE_UKzI.cache.26320.33860.163786, C:/Users/rodri/OneDrive/Documentos/consulta-sim/consulta-sim/tmp/cache/assets/sprockets/v4.0.0/al/alYII0JXiEC091MRSQX0ms5Djrz2zffTbeoLJE_UKzI.cache)):
  
sprockets (4.1.1) lib/sprockets/path_utils.rb:362:in `rename'
sprockets (4.1.1) lib/sprockets/path_utils.rb:362:in `atomic_write'
sprockets (4.1.1) lib/sprockets/cache/file_store.rb:112:in `set'
sprockets (4.1.1) lib/sprockets/cache.rb:227:in `set'
sprockets (4.1.1) lib/sprockets/cache.rb:143:in `set'
sprockets (4.1.1) lib/sprockets/loader.rb:263:in `store_asset'
sprockets (4.1.1) lib/sprockets/loader.rb:226:in `load_from_unloaded'
sprockets (4.1.1) lib/sprockets/loader.rb:59:in `block in load'
sprockets (4.1.1) lib/sprockets/loader.rb:337:in `fetch_asset_from_dependency_cache'
sprockets (4.1.1) lib/sprockets/loader.rb:43:in `load'
sprockets (4.1.1) lib/sprockets/cached_environment.rb:44:in `block in load'
sprockets (4.1.1) lib/sprockets/cached_environment.rb:44:in `fetch'
sprockets (4.1.1) lib/sprockets/cached_environment.rb:44:in `load'
sprockets (4.1.1) lib/sprockets/context.rb:117:in `load'
sprockets (4.1.1) lib/sprockets/context.rb:145:in `depend_on_asset'
sprockets (4.1.1) lib/sprockets/context.rb:185:in `link_asset'
sprockets-rails (3.4.2) lib/sprockets/rails/context.rb:27:in `compute_asset_path'
actionview (7.0.2.2) lib/action_view/helpers/asset_url_helper.rb:203:in `asset_path'
sprockets-rails (3.4.2) lib/sprockets/rails/sourcemapping_url_processor.rb:41:in `sourcemap_asset_path'
sprockets-rails (3.4.2) lib/sprockets/rails/sourcemapping_url_processor.rb:34:in `resolved_sourcemap_comment'
sprockets-rails (3.4.2) lib/sprockets/rails/sourcemapping_url_processor.rb:15:in `block in call'
sprockets-rails (3.4.2) lib/sprockets/rails/sourcemapping_url_processor.rb:11:in `gsub'
sprockets-rails (3.4.2) lib/sprockets/rails/sourcemapping_url_processor.rb:11:in `call'
sprockets (4.1.1) lib/sprockets/processor_utils.rb:84:in `call_processor'
sprockets (4.1.1) lib/sprockets/processor_utils.rb:66:in `block in call_processors'
sprockets (4.1.1) lib/sprockets/processor_utils.rb:65:in `reverse_each'
sprockets (4.1.1) lib/sprockets/processor_utils.rb:65:in `call_processors'
sprockets (4.1.1) lib/sprockets/loader.rb:182:in `load_from_unloaded'
sprockets (4.1.1) lib/sprockets/loader.rb:59:in `block in load'
sprockets (4.1.1) lib/sprockets/loader.rb:337:in `fetch_asset_from_dependency_cache'
sprockets (4.1.1) lib/sprockets/loader.rb:43:in `load'
sprockets (4.1.1) lib/sprockets/cached_environment.rb:44:in `block in load'
sprockets (4.1.1) lib/sprockets/cached_environment.rb:44:in `fetch'
sprockets (4.1.1) lib/sprockets/cached_environment.rb:44:in `load'
sprockets (4.1.1) lib/sprockets/bundle.rb:27:in `call'
sprockets (4.1.1) lib/sprockets/processor_utils.rb:84:in `call_processor'
sprockets (4.1.1) lib/sprockets/processor_utils.rb:66:in `block in call_processors'
sprockets (4.1.1) lib/sprockets/processor_utils.rb:65:in `reverse_each'
sprockets (4.1.1) lib/sprockets/processor_utils.rb:65:in `call_processors'
sprockets (4.1.1) lib/sprockets/loader.rb:182:in `load_from_unloaded'
sprockets (4.1.1) lib/sprockets/loader.rb:59:in `block in load'
sprockets (4.1.1) lib/sprockets/loader.rb:337:in `fetch_asset_from_dependency_cache'
sprockets (4.1.1) lib/sprockets/loader.rb:43:in `load'
sprockets (4.1.1) lib/sprockets/cached_environment.rb:44:in `block in load'
sprockets (4.1.1) lib/sprockets/cached_environment.rb:44:in `fetch'
sprockets (4.1.1) lib/sprockets/cached_environment.rb:44:in `load'
sprockets (4.1.1) lib/sprockets/base.rb:81:in `find_asset'
sprockets (4.1.1) lib/sprockets/base.rb:88:in `find_all_linked_assets'
sprockets (4.1.1) lib/sprockets/manifest.rb:125:in `each'
sprockets (4.1.1) lib/sprockets/manifest.rb:125:in `to_a'
sprockets (4.1.1) lib/sprockets/manifest.rb:125:in `block (2 levels) in find'
concurrent-ruby (1.1.10) lib/concurrent-ruby/concurrent/executor/safe_task_executor.rb:24:in `block in execute'
concurrent-ruby (1.1.10) lib/concurrent-ruby/concurrent/synchronization/mutex_lockable_object.rb:47:in `block in synchronize'
concurrent-ruby (1.1.10) lib/concurrent-ruby/concurrent/synchronization/mutex_lockable_object.rb:47:in `synchronize'
concurrent-ruby (1.1.10) lib/concurrent-ruby/concurrent/synchronization/mutex_lockable_object.rb:47:in `synchronize'
concurrent-ruby (1.1.10) lib/concurrent-ruby/concurrent/executor/safe_task_executor.rb:22:in `execute'
concurrent-ruby (1.1.10) lib/concurrent-ruby/concurrent/promise.rb:564:in `block in realize'
concurrent-ruby (1.1.10) lib/concurrent-ruby/concurrent/executor/ruby_thread_pool_executor.rb:352:in `run_task'
concurrent-ruby (1.1.10) lib/concurrent-ruby/concurrent/executor/ruby_thread_pool_executor.rb:343:in `block (3 levels) in create_worker'
concurrent-ruby (1.1.10) lib/concurrent-ruby/concurrent/executor/ruby_thread_pool_executor.rb:334:in `loop'
concurrent-ruby (1.1.10) lib/concurrent-ruby/concurrent/executor/ruby_thread_pool_executor.rb:334:in `block (2 levels) in create_worker'
concurrent-ruby (1.1.10) lib/concurrent-ruby/concurrent/executor/ruby_thread_pool_executor.rb:333:in `catch'
concurrent-ruby (1.1.10) lib/concurrent-ruby/concurrent/executor/ruby_thread_pool_executor.rb:333:in `block in create_worker'
Started GET "/menu" for 127.0.0.1 at 2023-01-26 22:44:20 -0300
Processing by MenuController#index as HTML
  Rendering layout layouts/application.html.erb
  Rendering menu/index.html.erb within layouts/application
  Rendered menu/index.html.erb within layouts/application (Duration: 2.1ms | Allocations: 3990)
  Rendered layout layouts/application.html.erb (Duration: 116.9ms | Allocations: 30332)
Completed 200 OK in 120ms (Views: 118.2ms | ActiveRecord: 0.0ms | Allocations: 30670)


Started GET "/pacientes/new" for 127.0.0.1 at 2023-01-26 22:44:28 -0300
Processing by PacientesController#new as HTML
  Rendering layout layouts/application.html.erb
  Rendering pacientes/new.html.erb within layouts/application
  Rendered pacientes/_form.html.erb (Duration: 253.8ms | Allocations: 7323)
  Rendered pacientes/new.html.erb within layouts/application (Duration: 273.7ms | Allocations: 7703)
  Rendered layout layouts/application.html.erb (Duration: 282.5ms | Allocations: 8867)
Completed 200 OK in 342ms (Views: 289.0ms | ActiveRecord: 1.9ms | Allocations: 24927)


Started GET "/pacientes" for 127.0.0.1 at 2023-01-26 22:44:30 -0300
Processing by PacientesController#index as HTML
  Rendering layout layouts/application.html.erb
  Rendering pacientes/index.html.erb within layouts/application
  [1m[36mPaciente Load (23.6ms)[0m  [1m[34mSELECT "pacientes".* FROM "pacientes"[0m
  ↳ app/views/pacientes/index.html.erb:6
  Rendered pacientes/index.html.erb within layouts/application (Duration: 43.6ms | Allocations: 1266)
  Rendered layout layouts/application.html.erb (Duration: 49.3ms | Allocations: 2259)
Completed 200 OK in 55ms (Views: 27.6ms | ActiveRecord: 23.6ms | Allocations: 2750)


Started GET "/pacientes/new" for 127.0.0.1 at 2023-01-26 22:44:40 -0300
Processing by PacientesController#new as HTML
  Rendering layout layouts/application.html.erb
  Rendering pacientes/new.html.erb within layouts/application
  Rendered pacientes/_form.html.erb (Duration: 3.0ms | Allocations: 2285)
  Rendered pacientes/new.html.erb within layouts/application (Duration: 3.7ms | Allocations: 2392)
  Rendered layout layouts/application.html.erb (Duration: 9.0ms | Allocations: 3388)
Completed 200 OK in 13ms (Views: 9.8ms | ActiveRecord: 0.0ms | Allocations: 3889)


Started POST "/pacientes" for 127.0.0.1 at 2023-01-26 22:46:25 -0300
Processing by PacientesController#create as HTML
  Parameters: {"authenticity_token"=>"[FILTERED]", "paciente"=>{"nome"=>"Rodrigo", "cpf"=>"78964235450", "email"=>"rodrigo@gmail.com", "data_de_nascimento"=>"2002-06-05", "endereco_attributes"=>{"cep"=>"55298165", "cidade"=>"Garanhuns", "bairro"=>"Heliopes", "logradouro"=>"rua do zekinha", "complemento"=>"proximo ao posto"}}, "commit"=>"Create Paciente"}
  [1m[36mTRANSACTION (0.1ms)[0m  [1m[36mbegin transaction[0m
  ↳ app/controllers/pacientes_controller.rb:29:in `block in create'
  [1m[36mPaciente Exists? (0.6ms)[0m  [1m[34mSELECT 1 AS one FROM "pacientes" WHERE "pacientes"."cpf" = ? LIMIT ?[0m  [["cpf", "78964235450"], ["LIMIT", 1]]
  ↳ app/controllers/pacientes_controller.rb:29:in `block in create'
  [1m[36mPaciente Exists? (0.1ms)[0m  [1m[34mSELECT 1 AS one FROM "pacientes" WHERE "pacientes"."email" = ? LIMIT ?[0m  [["email", "rodrigo@gmail.com"], ["LIMIT", 1]]
  ↳ app/controllers/pacientes_controller.rb:29:in `block in create'
  [1m[36mTRANSACTION (0.1ms)[0m  [1m[31mrollback transaction[0m
  ↳ app/controllers/pacientes_controller.rb:29:in `block in create'
  Rendering layout layouts/application.html.erb
  Rendering pacientes/new.html.erb within layouts/application
  Rendered pacientes/_form.html.erb (Duration: 17.1ms | Allocations: 4252)
  Rendered pacientes/new.html.erb within layouts/application (Duration: 17.8ms | Allocations: 4363)
  Rendered layout layouts/application.html.erb (Duration: 22.5ms | Allocations: 5452)
Completed 422 Unprocessable Entity in 60ms (Views: 23.6ms | ActiveRecord: 0.9ms | Allocations: 12590)


Started POST "/pacientes" for 127.0.0.1 at 2023-01-26 22:49:24 -0300
Processing by PacientesController#create as HTML
  Parameters: {"authenticity_token"=>"[FILTERED]", "paciente"=>{"nome"=>"Rodrigo", "cpf"=>"78964235450", "email"=>"rodrigo@gmail.com", "data_de_nascimento"=>"2002-06-05", "endereco_attributes"=>{"cep"=>"55298165", "cidade"=>"Garanhuns", "bairro"=>"Heliopes", "logradouro"=>"rua do zekinha", "complemento"=>"proximo ao posto"}}, "commit"=>"Create Paciente"}
  [1m[35m (0.2ms)[0m  [1m[34mSELECT sqlite_version(*)[0m
  ↳ app/controllers/pacientes_controller.rb:25:in `create'
  [1m[36mTRANSACTION (0.1ms)[0m  [1m[36mbegin transaction[0m
  ↳ app/controllers/pacientes_controller.rb:29:in `block in create'
  [1m[36mPaciente Exists? (0.9ms)[0m  [1m[34mSELECT 1 AS one FROM "pacientes" WHERE "pacientes"."cpf" = ? LIMIT ?[0m  [["cpf", "78964235450"], ["LIMIT", 1]]
  ↳ app/controllers/pacientes_controller.rb:29:in `block in create'
  [1m[36mPaciente Exists? (0.1ms)[0m  [1m[34mSELECT 1 AS one FROM "pacientes" WHERE "pacientes"."email" = ? LIMIT ?[0m  [["email", "rodrigo@gmail.com"], ["LIMIT", 1]]
  ↳ app/controllers/pacientes_controller.rb:29:in `block in create'
  [1m[36mPaciente Create (22.2ms)[0m  [1m[32mINSERT INTO "pacientes" ("nome", "cpf", "email", "data_de_nascimento", "created_at", "updated_at") VALUES (?, ?, ?, ?, ?, ?)[0m  [["nome", "Rodrigo"], ["cpf", "78964235450"], ["email", "rodrigo@gmail.com"], ["data_de_nascimento", "2002-06-05"], ["created_at", "2023-01-27 01:49:26.891628"], ["updated_at", "2023-01-27 01:49:26.891628"]]
  ↳ app/controllers/pacientes_controller.rb:29:in `block in create'
  [1m[36mEndereco Create (2.8ms)[0m  [1m[32mINSERT INTO "enderecos" ("cep", "cidade", "bairro", "logradouro", "complemento", "created_at", "updated_at", "paciente_id") VALUES (?, ?, ?, ?, ?, ?, ?, ?)[0m  [["cep", "55298165"], ["cidade", "Garanhuns"], ["bairro", "Heliopes"], ["logradouro", "rua do zekinha"], ["complemento", "proximo ao posto"], ["created_at", "2023-01-27 01:49:26.935285"], ["updated_at", "2023-01-27 01:49:26.935285"], ["paciente_id", 1]]
  ↳ app/controllers/pacientes_controller.rb:29:in `block in create'
  [1m[36mTRANSACTION (68.2ms)[0m  [1m[36mcommit transaction[0m
  ↳ app/controllers/pacientes_controller.rb:29:in `block in create'
Redirected to http://127.0.0.1:3000/pacientes/1
Completed 302 Found in 166ms (ActiveRecord: 97.0ms | Allocations: 16720)


Started GET "/pacientes/1" for 127.0.0.1 at 2023-01-26 22:49:27 -0300
Processing by PacientesController#show as HTML
  Parameters: {"id"=>"1"}
  [1m[36mPaciente Load (0.3ms)[0m  [1m[34mSELECT "pacientes".* FROM "pacientes" WHERE "pacientes"."id" = ? LIMIT ?[0m  [["id", 1], ["LIMIT", 1]]
  ↳ app/controllers/pacientes_controller.rb:65:in `set_paciente'
  Rendering layout layouts/application.html.erb
  Rendering pacientes/show.html.erb within layouts/application
  [1m[36mEndereco Load (0.3ms)[0m  [1m[34mSELECT "enderecos".* FROM "enderecos" WHERE "enderecos"."paciente_id" = ? LIMIT ?[0m  [["paciente_id", 1], ["LIMIT", 1]]
  ↳ app/views/pacientes/_paciente.html.erb:28
  Rendered pacientes/_paciente.html.erb (Duration: 16.8ms | Allocations: 2215)
  Rendered pacientes/show.html.erb within layouts/application (Duration: 62.9ms | Allocations: 3577)
  Rendered layout layouts/application.html.erb (Duration: 67.9ms | Allocations: 4721)
Completed 200 OK in 75ms (Views: 69.1ms | ActiveRecord: 0.5ms | Allocations: 6594)


